[04-May-2025 13:04:22 Europe/Berlin] PHP Notice:  session_start(): Ignoring session_start() because a session is already active in D:\university\year2-sem2\pwi\controllers\AuthController.php on line 42
[04-May-2025 13:04:45 Europe/Berlin] PHP Notice:  session_start(): Ignoring session_start() because a session is already active in D:\university\year2-sem2\pwi\controllers\AuthController.php on line 24
[04-May-2025 13:04:46 Europe/Berlin] PHP Notice:  session_start(): Ignoring session_start() because a session is already active in D:\university\year2-sem2\pwi\controllers\AuthController.php on line 24
[04-May-2025 13:12:11 Europe/Berlin] PHP Notice:  session_start(): Ignoring session_start() because a session is already active in D:\university\year2-sem2\pwi\controllers\AuthController.php on line 42
[04-May-2025 13:12:43 Europe/Berlin] PHP Notice:  session_start(): Ignoring session_start() because a session is already active in D:\university\year2-sem2\pwi\controllers\AuthController.php on line 42
[04-May-2025 13:13:06 Europe/Berlin] PHP Notice:  session_start(): Ignoring session_start() because a session is already active in D:\university\year2-sem2\pwi\controllers\AuthController.php on line 42
[04-May-2025 13:13:31 Europe/Berlin] PHP Notice:  session_start(): Ignoring session_start() because a session is already active in D:\university\year2-sem2\pwi\controllers\AuthController.php on line 42
[04-May-2025 13:13:31 Europe/Berlin] PHP Notice:  session_start(): Ignoring session_start() because a session is already active in D:\university\year2-sem2\pwi\controllers\AuthController.php on line 42
[04-May-2025 13:13:32 Europe/Berlin] PHP Notice:  session_start(): Ignoring session_start() because a session is already active in D:\university\year2-sem2\pwi\controllers\AuthController.php on line 42
[04-May-2025 13:13:32 Europe/Berlin] PHP Notice:  session_start(): Ignoring session_start() because a session is already active in D:\university\year2-sem2\pwi\controllers\AuthController.php on line 42
[04-May-2025 13:13:33 Europe/Berlin] PHP Notice:  session_start(): Ignoring session_start() because a session is already active in D:\university\year2-sem2\pwi\controllers\AuthController.php on line 42
[04-May-2025 13:13:33 Europe/Berlin] PHP Notice:  session_start(): Ignoring session_start() because a session is already active in D:\university\year2-sem2\pwi\controllers\AuthController.php on line 42
[04-May-2025 13:13:47 Europe/Berlin] PHP Notice:  session_start(): Ignoring session_start() because a session is already active in D:\university\year2-sem2\pwi\controllers\AuthController.php on line 35
[04-May-2025 13:13:51 Europe/Berlin] PHP Notice:  session_start(): Ignoring session_start() because a session is already active in D:\university\year2-sem2\pwi\controllers\AuthController.php on line 42
[04-May-2025 13:13:51 Europe/Berlin] PHP Notice:  session_start(): Ignoring session_start() because a session is already active in D:\university\year2-sem2\pwi\controllers\AuthController.php on line 42
[04-May-2025 13:14:45 Europe/Berlin] PHP Notice:  session_start(): Ignoring session_start() because a session is already active in D:\university\year2-sem2\pwi\controllers\AuthController.php on line 42
[04-May-2025 13:14:45 Europe/Berlin] PHP Notice:  session_start(): Ignoring session_start() because a session is already active in D:\university\year2-sem2\pwi\controllers\AuthController.php on line 42
[04-May-2025 13:14:56 Europe/Berlin] PHP Notice:  session_start(): Ignoring session_start() because a session is already active in D:\university\year2-sem2\pwi\controllers\AuthController.php on line 24
[04-May-2025 13:14:56 Europe/Berlin] PHP Notice:  session_start(): Ignoring session_start() because a session is already active in D:\university\year2-sem2\pwi\controllers\AuthController.php on line 24
[04-May-2025 13:15:12 Europe/Berlin] PHP Notice:  session_start(): Ignoring session_start() because a session is already active in D:\university\year2-sem2\pwi\controllers\AuthController.php on line 42
[04-May-2025 13:15:36 Europe/Berlin] PHP Notice:  session_start(): Ignoring session_start() because a session is already active in D:\university\year2-sem2\pwi\controllers\AuthController.php on line 42
[04-May-2025 13:15:42 Europe/Berlin] PHP Notice:  session_start(): Ignoring session_start() because a session is already active in D:\university\year2-sem2\pwi\controllers\AuthController.php on line 42
[04-May-2025 13:15:47 Europe/Berlin] PHP Notice:  session_start(): Ignoring session_start() because a session is already active in D:\university\year2-sem2\pwi\controllers\AuthController.php on line 42
[04-May-2025 13:15:53 Europe/Berlin] PHP Notice:  session_start(): Ignoring session_start() because a session is already active in D:\university\year2-sem2\pwi\controllers\AuthController.php on line 42
[04-May-2025 13:23:44 Europe/Berlin] PHP Notice:  session_start(): Ignoring session_start() because a session is already active in D:\university\year2-sem2\pwi\controllers\AuthController.php on line 42
[04-May-2025 13:24:00 Europe/Berlin] PHP Notice:  session_start(): Ignoring session_start() because a session is already active in D:\university\year2-sem2\pwi\controllers\AuthController.php on line 35
[04-May-2025 13:24:29 Europe/Berlin] PHP Notice:  session_start(): Ignoring session_start() because a session is already active in D:\university\year2-sem2\pwi\controllers\AuthController.php on line 24
[04-May-2025 13:24:29 Europe/Berlin] PHP Notice:  session_start(): Ignoring session_start() because a session is already active in D:\university\year2-sem2\pwi\controllers\AuthController.php on line 24
[04-May-2025 13:29:56 Europe/Berlin] PHP Notice:  session_start(): Ignoring session_start() because a session is already active in D:\university\year2-sem2\pwi\controllers\AuthController.php on line 42
[04-May-2025 13:29:57 Europe/Berlin] PHP Notice:  session_start(): Ignoring session_start() because a session is already active in D:\university\year2-sem2\pwi\controllers\AuthController.php on line 42
[04-May-2025 13:29:57 Europe/Berlin] PHP Notice:  session_start(): Ignoring session_start() because a session is already active in D:\university\year2-sem2\pwi\controllers\AuthController.php on line 42
[04-May-2025 13:30:00 Europe/Berlin] PHP Notice:  session_start(): Ignoring session_start() because a session is already active in D:\university\year2-sem2\pwi\controllers\AuthController.php on line 35
[04-May-2025 13:30:02 Europe/Berlin] PHP Notice:  session_start(): Ignoring session_start() because a session is already active in D:\university\year2-sem2\pwi\controllers\AuthController.php on line 42
[04-May-2025 13:30:02 Europe/Berlin] PHP Notice:  session_start(): Ignoring session_start() because a session is already active in D:\university\year2-sem2\pwi\controllers\AuthController.php on line 42
[04-May-2025 13:30:02 Europe/Berlin] PHP Notice:  session_start(): Ignoring session_start() because a session is already active in D:\university\year2-sem2\pwi\controllers\AuthController.php on line 42
[04-May-2025 13:30:03 Europe/Berlin] PHP Notice:  session_start(): Ignoring session_start() because a session is already active in D:\university\year2-sem2\pwi\controllers\AuthController.php on line 42
[04-May-2025 13:30:03 Europe/Berlin] PHP Notice:  session_start(): Ignoring session_start() because a session is already active in D:\university\year2-sem2\pwi\controllers\AuthController.php on line 42
[04-May-2025 13:30:03 Europe/Berlin] PHP Notice:  session_start(): Ignoring session_start() because a session is already active in D:\university\year2-sem2\pwi\controllers\AuthController.php on line 42
[04-May-2025 13:30:03 Europe/Berlin] PHP Notice:  session_start(): Ignoring session_start() because a session is already active in D:\university\year2-sem2\pwi\controllers\AuthController.php on line 42
[04-May-2025 13:30:03 Europe/Berlin] PHP Notice:  session_start(): Ignoring session_start() because a session is already active in D:\university\year2-sem2\pwi\controllers\AuthController.php on line 42
[04-May-2025 13:30:04 Europe/Berlin] PHP Notice:  session_start(): Ignoring session_start() because a session is already active in D:\university\year2-sem2\pwi\controllers\AuthController.php on line 42
[04-May-2025 13:30:04 Europe/Berlin] PHP Notice:  session_start(): Ignoring session_start() because a session is already active in D:\university\year2-sem2\pwi\controllers\AuthController.php on line 42
[04-May-2025 13:30:05 Europe/Berlin] PHP Notice:  session_start(): Ignoring session_start() because a session is already active in D:\university\year2-sem2\pwi\controllers\AuthController.php on line 42
[04-May-2025 13:30:14 Europe/Berlin] PHP Notice:  session_start(): Ignoring session_start() because a session is already active in D:\university\year2-sem2\pwi\controllers\AuthController.php on line 42
[04-May-2025 13:30:15 Europe/Berlin] PHP Notice:  session_start(): Ignoring session_start() because a session is already active in D:\university\year2-sem2\pwi\controllers\AuthController.php on line 42
[04-May-2025 13:30:16 Europe/Berlin] PHP Notice:  session_start(): Ignoring session_start() because a session is already active in D:\university\year2-sem2\pwi\controllers\AuthController.php on line 42
[04-May-2025 13:30:17 Europe/Berlin] PHP Notice:  session_start(): Ignoring session_start() because a session is already active in D:\university\year2-sem2\pwi\controllers\AuthController.php on line 42
[04-May-2025 13:30:17 Europe/Berlin] PHP Notice:  session_start(): Ignoring session_start() because a session is already active in D:\university\year2-sem2\pwi\controllers\AuthController.php on line 42
[04-May-2025 13:30:27 Europe/Berlin] PHP Notice:  session_start(): Ignoring session_start() because a session is already active in D:\university\year2-sem2\pwi\controllers\AuthController.php on line 24
[04-May-2025 13:37:52 Europe/Berlin] PHP Notice:  session_start(): Ignoring session_start() because a session is already active in D:\university\year2-sem2\pwi\controllers\AuthController.php on line 42
[04-May-2025 13:37:53 Europe/Berlin] PHP Notice:  session_start(): Ignoring session_start() because a session is already active in D:\university\year2-sem2\pwi\controllers\AuthController.php on line 42
[04-May-2025 13:37:54 Europe/Berlin] PHP Notice:  session_start(): Ignoring session_start() because a session is already active in D:\university\year2-sem2\pwi\controllers\AuthController.php on line 42
[04-May-2025 13:37:54 Europe/Berlin] PHP Notice:  session_start(): Ignoring session_start() because a session is already active in D:\university\year2-sem2\pwi\controllers\AuthController.php on line 42
[04-May-2025 13:37:54 Europe/Berlin] PHP Notice:  session_start(): Ignoring session_start() because a session is already active in D:\university\year2-sem2\pwi\controllers\AuthController.php on line 42
[04-May-2025 13:37:55 Europe/Berlin] PHP Notice:  session_start(): Ignoring session_start() because a session is already active in D:\university\year2-sem2\pwi\controllers\AuthController.php on line 42
[04-May-2025 13:37:55 Europe/Berlin] PHP Notice:  session_start(): Ignoring session_start() because a session is already active in D:\university\year2-sem2\pwi\controllers\AuthController.php on line 42
[04-May-2025 13:37:55 Europe/Berlin] PHP Notice:  session_start(): Ignoring session_start() because a session is already active in D:\university\year2-sem2\pwi\controllers\AuthController.php on line 42
[04-May-2025 13:37:55 Europe/Berlin] PHP Notice:  session_start(): Ignoring session_start() because a session is already active in D:\university\year2-sem2\pwi\controllers\AuthController.php on line 42
[04-May-2025 13:37:55 Europe/Berlin] PHP Notice:  session_start(): Ignoring session_start() because a session is already active in D:\university\year2-sem2\pwi\controllers\AuthController.php on line 42
[04-May-2025 13:37:55 Europe/Berlin] PHP Notice:  session_start(): Ignoring session_start() because a session is already active in D:\university\year2-sem2\pwi\controllers\AuthController.php on line 42
[04-May-2025 13:37:56 Europe/Berlin] PHP Notice:  session_start(): Ignoring session_start() because a session is already active in D:\university\year2-sem2\pwi\controllers\AuthController.php on line 42
[04-May-2025 13:37:56 Europe/Berlin] PHP Notice:  session_start(): Ignoring session_start() because a session is already active in D:\university\year2-sem2\pwi\controllers\AuthController.php on line 42
[04-May-2025 13:37:56 Europe/Berlin] PHP Notice:  session_start(): Ignoring session_start() because a session is already active in D:\university\year2-sem2\pwi\controllers\AuthController.php on line 42
[04-May-2025 13:37:56 Europe/Berlin] PHP Notice:  session_start(): Ignoring session_start() because a session is already active in D:\university\year2-sem2\pwi\controllers\AuthController.php on line 42
[04-May-2025 13:37:56 Europe/Berlin] PHP Notice:  session_start(): Ignoring session_start() because a session is already active in D:\university\year2-sem2\pwi\controllers\AuthController.php on line 42
[04-May-2025 13:37:57 Europe/Berlin] PHP Notice:  session_start(): Ignoring session_start() because a session is already active in D:\university\year2-sem2\pwi\controllers\AuthController.php on line 42
[04-May-2025 13:38:01 Europe/Berlin] PHP Notice:  session_start(): Ignoring session_start() because a session is already active in D:\university\year2-sem2\pwi\controllers\AuthController.php on line 35
[04-May-2025 13:38:02 Europe/Berlin] PHP Notice:  session_start(): Ignoring session_start() because a session is already active in D:\university\year2-sem2\pwi\controllers\AuthController.php on line 42
[04-May-2025 13:38:10 Europe/Berlin] PHP Notice:  session_start(): Ignoring session_start() because a session is already active in D:\university\year2-sem2\pwi\controllers\AuthController.php on line 24
[04-May-2025 13:38:10 Europe/Berlin] PHP Notice:  session_start(): Ignoring session_start() because a session is already active in D:\university\year2-sem2\pwi\controllers\AuthController.php on line 42
[04-May-2025 13:44:13 Europe/Berlin] PHP Notice:  session_start(): Ignoring session_start() because a session is already active in D:\university\year2-sem2\pwi\controllers\AuthController.php on line 42
[04-May-2025 13:44:14 Europe/Berlin] PHP Notice:  session_start(): Ignoring session_start() because a session is already active in D:\university\year2-sem2\pwi\controllers\AuthController.php on line 42
[04-May-2025 13:44:16 Europe/Berlin] PHP Notice:  session_start(): Ignoring session_start() because a session is already active in D:\university\year2-sem2\pwi\controllers\AuthController.php on line 42
[04-May-2025 13:44:16 Europe/Berlin] PHP Notice:  session_start(): Ignoring session_start() because a session is already active in D:\university\year2-sem2\pwi\controllers\AuthController.php on line 42
[04-May-2025 13:44:18 Europe/Berlin] PHP Notice:  session_start(): Ignoring session_start() because a session is already active in D:\university\year2-sem2\pwi\controllers\AuthController.php on line 42
[04-May-2025 13:44:18 Europe/Berlin] PHP Notice:  session_start(): Ignoring session_start() because a session is already active in D:\university\year2-sem2\pwi\controllers\AuthController.php on line 42
[04-May-2025 13:44:18 Europe/Berlin] PHP Notice:  session_start(): Ignoring session_start() because a session is already active in D:\university\year2-sem2\pwi\controllers\AuthController.php on line 42
[04-May-2025 13:44:18 Europe/Berlin] PHP Notice:  session_start(): Ignoring session_start() because a session is already active in D:\university\year2-sem2\pwi\controllers\AuthController.php on line 42
[04-May-2025 13:44:19 Europe/Berlin] PHP Notice:  session_start(): Ignoring session_start() because a session is already active in D:\university\year2-sem2\pwi\controllers\AuthController.php on line 42
[04-May-2025 13:44:19 Europe/Berlin] PHP Notice:  session_start(): Ignoring session_start() because a session is already active in D:\university\year2-sem2\pwi\controllers\AuthController.php on line 42
[04-May-2025 13:44:19 Europe/Berlin] PHP Notice:  session_start(): Ignoring session_start() because a session is already active in D:\university\year2-sem2\pwi\controllers\AuthController.php on line 42
[04-May-2025 13:44:19 Europe/Berlin] PHP Notice:  session_start(): Ignoring session_start() because a session is already active in D:\university\year2-sem2\pwi\controllers\AuthController.php on line 42
[04-May-2025 13:44:19 Europe/Berlin] PHP Notice:  session_start(): Ignoring session_start() because a session is already active in D:\university\year2-sem2\pwi\controllers\AuthController.php on line 42
[04-May-2025 13:44:19 Europe/Berlin] PHP Notice:  session_start(): Ignoring session_start() because a session is already active in D:\university\year2-sem2\pwi\controllers\AuthController.php on line 42
[04-May-2025 13:44:45 Europe/Berlin] PHP Notice:  session_start(): Ignoring session_start() because a session is already active in D:\university\year2-sem2\pwi\controllers\AuthController.php on line 42
[04-May-2025 13:44:46 Europe/Berlin] PHP Notice:  session_start(): Ignoring session_start() because a session is already active in D:\university\year2-sem2\pwi\controllers\AuthController.php on line 42
[04-May-2025 13:44:46 Europe/Berlin] PHP Notice:  session_start(): Ignoring session_start() because a session is already active in D:\university\year2-sem2\pwi\controllers\AuthController.php on line 42
[04-May-2025 13:44:47 Europe/Berlin] PHP Notice:  session_start(): Ignoring session_start() because a session is already active in D:\university\year2-sem2\pwi\controllers\AuthController.php on line 42
[04-May-2025 13:44:48 Europe/Berlin] PHP Notice:  session_start(): Ignoring session_start() because a session is already active in D:\university\year2-sem2\pwi\controllers\AuthController.php on line 42
[04-May-2025 13:44:49 Europe/Berlin] PHP Notice:  session_start(): Ignoring session_start() because a session is already active in D:\university\year2-sem2\pwi\controllers\AuthController.php on line 42
[04-May-2025 13:44:50 Europe/Berlin] PHP Notice:  session_start(): Ignoring session_start() because a session is already active in D:\university\year2-sem2\pwi\controllers\AuthController.php on line 42
[04-May-2025 13:44:50 Europe/Berlin] PHP Notice:  session_start(): Ignoring session_start() because a session is already active in D:\university\year2-sem2\pwi\controllers\AuthController.php on line 42
[04-May-2025 13:44:51 Europe/Berlin] PHP Notice:  session_start(): Ignoring session_start() because a session is already active in D:\university\year2-sem2\pwi\controllers\AuthController.php on line 42
[04-May-2025 13:44:52 Europe/Berlin] PHP Notice:  session_start(): Ignoring session_start() because a session is already active in D:\university\year2-sem2\pwi\controllers\AuthController.php on line 42
[04-May-2025 13:44:52 Europe/Berlin] PHP Notice:  session_start(): Ignoring session_start() because a session is already active in D:\university\year2-sem2\pwi\controllers\AuthController.php on line 42
[04-May-2025 13:46:28 Europe/Berlin] PHP Notice:  session_start(): Ignoring session_start() because a session is already active in D:\university\year2-sem2\pwi\controllers\AuthController.php on line 42
[04-May-2025 13:46:29 Europe/Berlin] PHP Notice:  session_start(): Ignoring session_start() because a session is already active in D:\university\year2-sem2\pwi\controllers\AuthController.php on line 42
[04-May-2025 13:46:30 Europe/Berlin] PHP Notice:  session_start(): Ignoring session_start() because a session is already active in D:\university\year2-sem2\pwi\controllers\AuthController.php on line 42
[04-May-2025 13:46:31 Europe/Berlin] PHP Notice:  session_start(): Ignoring session_start() because a session is already active in D:\university\year2-sem2\pwi\controllers\AuthController.php on line 42
[04-May-2025 13:52:25 Europe/Berlin] PHP Notice:  session_start(): Ignoring session_start() because a session is already active in D:\university\year2-sem2\pwi\controllers\AuthController.php on line 42
[04-May-2025 13:52:27 Europe/Berlin] PHP Notice:  session_start(): Ignoring session_start() because a session is already active in D:\university\year2-sem2\pwi\controllers\AuthController.php on line 42
[04-May-2025 13:52:28 Europe/Berlin] PHP Notice:  session_start(): Ignoring session_start() because a session is already active in D:\university\year2-sem2\pwi\controllers\AuthController.php on line 42
[04-May-2025 13:53:14 Europe/Berlin] PHP Notice:  session_start(): Ignoring session_start() because a session is already active in D:\university\year2-sem2\pwi\controllers\AuthController.php on line 42
[04-May-2025 13:54:08 Europe/Berlin] PHP Notice:  session_start(): Ignoring session_start() because a session is already active in D:\university\year2-sem2\pwi\controllers\AuthController.php on line 35
[04-May-2025 13:54:09 Europe/Berlin] PHP Notice:  session_start(): Ignoring session_start() because a session is already active in D:\university\year2-sem2\pwi\controllers\AuthController.php on line 42
[04-May-2025 13:54:15 Europe/Berlin] PHP Notice:  session_start(): Ignoring session_start() because a session is already active in D:\university\year2-sem2\pwi\controllers\AuthController.php on line 42
[04-May-2025 13:54:28 Europe/Berlin] PHP Notice:  session_start(): Ignoring session_start() because a session is already active in D:\university\year2-sem2\pwi\controllers\AuthController.php on line 24
[04-May-2025 13:54:29 Europe/Berlin] PHP Notice:  session_start(): Ignoring session_start() because a session is already active in D:\university\year2-sem2\pwi\controllers\AuthController.php on line 42
[04-May-2025 14:03:20 Europe/Berlin] PHP Notice:  session_start(): Ignoring session_start() because a session is already active in D:\university\year2-sem2\pwi\controllers\AuthController.php on line 42
[04-May-2025 14:03:20 Europe/Berlin] PHP Notice:  session_start(): Ignoring session_start() because a session is already active in D:\university\year2-sem2\pwi\controllers\AuthController.php on line 42
[04-May-2025 14:03:21 Europe/Berlin] PHP Notice:  session_start(): Ignoring session_start() because a session is already active in D:\university\year2-sem2\pwi\controllers\AuthController.php on line 42
[04-May-2025 14:03:21 Europe/Berlin] PHP Notice:  session_start(): Ignoring session_start() because a session is already active in D:\university\year2-sem2\pwi\controllers\AuthController.php on line 42
[04-May-2025 14:03:21 Europe/Berlin] PHP Notice:  session_start(): Ignoring session_start() because a session is already active in D:\university\year2-sem2\pwi\controllers\AuthController.php on line 42
[04-May-2025 14:03:21 Europe/Berlin] PHP Notice:  session_start(): Ignoring session_start() because a session is already active in D:\university\year2-sem2\pwi\controllers\AuthController.php on line 42
[04-May-2025 14:03:21 Europe/Berlin] PHP Notice:  session_start(): Ignoring session_start() because a session is already active in D:\university\year2-sem2\pwi\controllers\AuthController.php on line 42
[04-May-2025 14:03:21 Europe/Berlin] PHP Notice:  session_start(): Ignoring session_start() because a session is already active in D:\university\year2-sem2\pwi\controllers\AuthController.php on line 42
[04-May-2025 14:03:22 Europe/Berlin] PHP Notice:  session_start(): Ignoring session_start() because a session is already active in D:\university\year2-sem2\pwi\controllers\AuthController.php on line 42
[04-May-2025 14:03:22 Europe/Berlin] PHP Notice:  session_start(): Ignoring session_start() because a session is already active in D:\university\year2-sem2\pwi\controllers\AuthController.php on line 42
[04-May-2025 14:03:22 Europe/Berlin] PHP Notice:  session_start(): Ignoring session_start() because a session is already active in D:\university\year2-sem2\pwi\controllers\AuthController.php on line 42
[04-May-2025 14:03:22 Europe/Berlin] PHP Notice:  session_start(): Ignoring session_start() because a session is already active in D:\university\year2-sem2\pwi\controllers\AuthController.php on line 42
[04-May-2025 14:03:23 Europe/Berlin] PHP Notice:  session_start(): Ignoring session_start() because a session is already active in D:\university\year2-sem2\pwi\controllers\AuthController.php on line 42
[04-May-2025 14:03:23 Europe/Berlin] PHP Notice:  session_start(): Ignoring session_start() because a session is already active in D:\university\year2-sem2\pwi\controllers\AuthController.php on line 42
[04-May-2025 14:03:23 Europe/Berlin] PHP Notice:  session_start(): Ignoring session_start() because a session is already active in D:\university\year2-sem2\pwi\controllers\AuthController.php on line 42
[04-May-2025 14:03:24 Europe/Berlin] PHP Notice:  session_start(): Ignoring session_start() because a session is already active in D:\university\year2-sem2\pwi\controllers\AuthController.php on line 42
[04-May-2025 14:03:24 Europe/Berlin] PHP Notice:  session_start(): Ignoring session_start() because a session is already active in D:\university\year2-sem2\pwi\controllers\AuthController.php on line 42
[04-May-2025 14:03:24 Europe/Berlin] PHP Notice:  session_start(): Ignoring session_start() because a session is already active in D:\university\year2-sem2\pwi\controllers\AuthController.php on line 42
[04-May-2025 14:03:24 Europe/Berlin] PHP Notice:  session_start(): Ignoring session_start() because a session is already active in D:\university\year2-sem2\pwi\controllers\AuthController.php on line 42
[04-May-2025 14:16:59 Europe/Berlin] Login attempt: username=admin, password=test123
[05-May-2025 11:47:44 Europe/Berlin] Login attempt: username=admin, password=test123
[05-May-2025 11:57:09 Europe/Berlin] Login attempt: username=admin, password=test123
[05-May-2025 11:57:29 Europe/Berlin] Login attempt: username=admin, password=test123
[05-May-2025 11:58:14 Europe/Berlin] Login attempt: username=admin, password=test123
[05-May-2025 12:05:30 Europe/Berlin] Login attempt: username=admin, password=еуіе123
[05-May-2025 12:05:30 Europe/Berlin] Error: Невірний логін або пароль
[05-May-2025 12:05:38 Europe/Berlin] Login attempt: username=admin, password=test123
[05-May-2025 18:24:58 Europe/Berlin] Login attempt: username=admin, password=test123
[05-May-2025 18:31:01 Europe/Berlin] Login attempt: username=admin, password=еуіе123
[05-May-2025 18:31:01 Europe/Berlin] Error: Невірний логін або пароль
[05-May-2025 18:31:09 Europe/Berlin] Login attempt: username=admin, password=test123
[05-May-2025 18:31:27 Europe/Berlin] Login attempt: username=admin, password=admin
[05-May-2025 18:31:27 Europe/Berlin] Error: Невірний логін або пароль
[05-May-2025 18:31:33 Europe/Berlin] Login attempt: username=admin, password=test123
[05-May-2025 18:37:20 Europe/Berlin] Login attempt: username=admin, password=test123
[06-May-2025 14:16:24 Europe/Berlin] Login attempt: username=admin, password=test123
